<?xml version="1.0" encoding="UTF-8"?>
<testng-results total="1" passed="1" failed="0" skipped="0">
  <reporter-output>
  </reporter-output>
  <suite started-at="2024-04-27T18:25:42Z" name="Default suite" finished-at="2024-04-27T18:26:45Z" duration-ms="63125">
    <groups>
    </groups>
    <test started-at="2024-04-27T18:25:42Z" name="Default test" finished-at="2024-04-27T18:26:45Z" duration-ms="63125">
      <class name="iastcportaltest.Calculations">
        <test-method is-config="true" signature="precondition()[pri:0, instance:iastcportaltest.Calculations@7d898981]" started-at="2024-04-27T23:55:42Z" name="precondition" finished-at="2024-04-27T23:56:06Z" duration-ms="24471" status="PASS">
          <reporter-output>
          </reporter-output>
        </test-method> <!-- precondition -->
        <test-method signature="runCaiculations()[pri:0, instance:iastcportaltest.Calculations@7d898981]" started-at="2024-04-27T23:56:06Z" name="runCaiculations" finished-at="2024-04-27T23:56:44Z" duration-ms="37644" status="PASS">
          <reporter-output>
          </reporter-output>
        </test-method> <!-- runCaiculations -->
        <test-method is-config="true" signature="postcondition()[pri:0, instance:iastcportaltest.Calculations@7d898981]" started-at="2024-04-27T23:56:44Z" name="postcondition" finished-at="2024-04-27T23:56:45Z" duration-ms="978" status="PASS">
          <reporter-output>
          </reporter-output>
        </test-method> <!-- postcondition -->
      </class> <!-- iastcportaltest.Calculations -->
    </test> <!-- Default test -->
  </suite> <!-- Default suite -->
</testng-results>
